<?xml version="1.0" encoding="UTF-8"?>
<!-- Generated by org.testng.reporters.JUnitReportReporter -->
<testsuite skipped="0" hostname="LAPTOP-G2SQ9GRV" name="Trial" tests="1" failures="0" timestamp="04 Feb 2019 22:02:45 GMT" time="7.207" errors="0">
  <testcase name="sign123" time="7.207" classname="Trial"/>
</testsuite> <!-- Trial -->
