<?xml version="1.0" encoding="UTF-8"?>
<!-- Generated by org.testng.reporters.JUnitReportReporter -->
<testsuite skipped="0" hostname="LAPTOP-G2SQ9GRV" name="com.automationpractice.tests.TC2_SigninPage" tests="1" failures="0" timestamp="05 Feb 2019 03:38:04 GMT" time="72.035" errors="0">
  <testcase name="sign" time="72.035" classname="com.automationpractice.tests.TC2_SigninPage"/>
</testsuite> <!-- com.automationpractice.tests.TC2_SigninPage -->
