<?xml version="1.0" encoding="UTF-8"?>
<!-- Generated by org.testng.reporters.JUnitReportReporter -->
<testsuite skipped="0" hostname="LAPTOP-G2SQ9GRV" name="com.RegressionTests.TC_002" tests="3" failures="0" timestamp="03 Feb 2019 00:47:21 GMT" time="21.051" errors="0">
  <testcase name="Login" time="6.195" classname="com.RegressionTests.TC_002"/>
  <testcase name="Login" time="7.659" classname="com.RegressionTests.TC_002"/>
  <testcase name="Login" time="7.197" classname="com.RegressionTests.TC_002"/>
</testsuite> <!-- com.RegressionTests.TC_002 -->
