<?xml version="1.0" encoding="UTF-8"?>
<!-- Generated by org.testng.reporters.JUnitReportReporter -->
<testsuite skipped="0" hostname="LAPTOP-G2SQ9GRV" name="com.automationpractice.tests.TC_2_SigninPage" tests="1" failures="0" timestamp="05 Feb 2019 02:39:56 GMT" time="74.000" errors="0">
  <testcase name="sign" time="74.000" classname="com.automationpractice.tests.TC_2_SigninPage"/>
</testsuite> <!-- com.automationpractice.tests.TC_2_SigninPage -->
