<?xml version="1.0" encoding="UTF-8"?>
<!-- Generated by org.testng.reporters.JUnitReportReporter -->
<testsuite skipped="0" hostname="LAPTOP-G2SQ9GRV" name="com.automationpractice.tests.TC1_LandingPage" tests="1" failures="0" timestamp="05 Feb 2019 03:38:04 GMT" time="1.324" errors="0">
  <testcase name="home" time="1.324" classname="com.automationpractice.tests.TC1_LandingPage"/>
</testsuite> <!-- com.automationpractice.tests.TC1_LandingPage -->
